# JRE version: Java(TM) SE Runtime Environment (17.0.9+11) (build 17.0.9+11-LTS-201)
# Java VM: Java HotSpot(TM) 64-Bit Server VM (17.0.9+11-LTS-201, mixed mode, emulated-client, sharing, tiered, compressed oops, compressed class ptrs, g1 gc, windows-amd64)
GC Precious Log:
 CPUs: 8 total, 8 available
 Memory: 15664M
 Large Page Support: Disabled
 NUMA Support: Disabled
 Compressed Oops: Enabled (Zero based)
 Heap Region Size: 2M
 Heap Min Capacity: 8M
 Heap Initial Capacity: 246M
 Heap Max Capacity: 3918M
 Pre-touch: Disabled
 Parallel Workers: 8
 Concurrent Workers: 2
 Concurrent Refinement Workers: 8
 Periodic GC: Disabled
Heap:
 garbage-first heap   total 219136K, used 73664K [0x000000070b200000, 0x0000000800000000)
  region size 2048K, 3 young (6144K), 2 survivors (4096K)
 Metaspace       used 147342K, committed 150016K, reserved 1179648K
  class space    used 20303K, committed 21184K, reserved 1048576K
GC Heap History (20 events):
Event: 128967.190 GC heap before
{Heap before GC invocations=1390 (full 51):
 garbage-first heap   total 219136K, used 194147K [0x000000070b200000, 0x0000000800000000)
  region size 2048K, 60 young (122880K), 1 survivors (2048K)
 Metaspace       used 147331K, committed 150016K, reserved 1179648K
  class space    used 20301K, committed 21184K, reserved 1048576K
}
Event: 128967.192 GC heap after
{Heap after GC invocations=1391 (full 51):
 garbage-first heap   total 219136K, used 72553K [0x000000070b200000, 0x0000000800000000)
  region size 2048K, 1 young (2048K), 1 survivors (2048K)
 Metaspace       used 147331K, committed 150016K, reserved 1179648K
  class space    used 20301K, committed 21184K, reserved 1048576K
}
Event: 129025.877 GC heap before
{Heap before GC invocations=1391 (full 51):
 garbage-first heap   total 219136K, used 193385K [0x000000070b200000, 0x0000000800000000)
  region size 2048K, 60 young (122880K), 1 survivors (2048K)
 Metaspace       used 147331K, committed 150016K, reserved 1179648K
  class space    used 20301K, committed 21184K, reserved 1048576K
}
Event: 129025.879 GC heap after
{Heap after GC invocations=1392 (full 51):
 garbage-first heap   total 219136K, used 72628K [0x000000070b200000, 0x0000000800000000)
  region size 2048K, 1 young (2048K), 1 survivors (2048K)
 Metaspace       used 147331K, committed 150016K, reserved 1179648K
  class space    used 20301K, committed 21184K, reserved 1048576K
}
Event: 129085.234 GC heap before
{Heap before GC invocations=1393 (full 51):
 garbage-first heap   total 219136K, used 193460K [0x000000070b200000, 0x0000000800000000)
  region size 2048K, 60 young (122880K), 1 survivors (2048K)
 Metaspace       used 147331K, committed 150016K, reserved 1179648K
  class space    used 20301K, committed 21184K, reserved 1048576K
}
Event: 129085.236 GC heap after
{Heap after GC invocations=1394 (full 51):
 garbage-first heap   total 219136K, used 72411K [0x000000070b200000, 0x0000000800000000)
  region size 2048K, 1 young (2048K), 1 survivors (2048K)
 Metaspace       used 147331K, committed 150016K, reserved 1179648K
  class space    used 20301K, committed 21184K, reserved 1048576K
}
Event: 129143.842 GC heap before
{Heap before GC invocations=1394 (full 51):
 garbage-first heap   total 219136K, used 193243K [0x000000070b200000, 0x0000000800000000)
  region size 2048K, 60 young (122880K), 1 survivors (2048K)
 Metaspace       used 147331K, committed 150016K, reserved 1179648K
  class space    used 20301K, committed 21184K, reserved 1048576K
}
Event: 129143.844 GC heap after
{Heap after GC invocations=1395 (full 51):
 garbage-first heap   total 219136K, used 72637K [0x000000070b200000, 0x0000000800000000)
  region size 2048K, 1 young (2048K), 1 survivors (2048K)
 Metaspace       used 147331K, committed 150016K, reserved 1179648K
  class space    used 20301K, committed 21184K, reserved 1048576K
}
Event: 129203.201 GC heap before
{Heap before GC invocations=1396 (full 51):
 garbage-first heap   total 219136K, used 193469K [0x000000070b200000, 0x0000000800000000)
  region size 2048K, 60 young (122880K), 1 survivors (2048K)
 Metaspace       used 147331K, committed 150016K, reserved 1179648K
  class space    used 20301K, committed 21184K, reserved 1048576K
}
Event: 129203.202 GC heap after
{Heap after GC invocations=1397 (full 51):
 garbage-first heap   total 219136K, used 72383K [0x000000070b200000, 0x0000000800000000)
  region size 2048K, 1 young (2048K), 1 survivors (2048K)
 Metaspace       used 147331K, committed 150016K, reserved 1179648K
  class space    used 20301K, committed 21184K, reserved 1048576K
}
Event: 129261.766 GC heap before
{Heap before GC invocations=1397 (full 51):
 garbage-first heap   total 219136K, used 193215K [0x000000070b200000, 0x0000000800000000)
  region size 2048K, 60 young (122880K), 1 survivors (2048K)
 Metaspace       used 147331K, committed 150016K, reserved 1179648K
  class space    used 20301K, committed 21184K, reserved 1048576K
}
Event: 129261.769 GC heap after
{Heap after GC invocations=1398 (full 51):
 garbage-first heap   total 219136K, used 72628K [0x000000070b200000, 0x0000000800000000)
  region size 2048K, 1 young (2048K), 1 survivors (2048K)
 Metaspace       used 147331K, committed 150016K, reserved 1179648K
  class space    used 20301K, committed 21184K, reserved 1048576K
}
Event: 129321.158 GC heap before
{Heap before GC invocations=1399 (full 51):
 garbage-first heap   total 219136K, used 193460K [0x000000070b200000, 0x0000000800000000)
  region size 2048K, 60 young (122880K), 1 survivors (2048K)
 Metaspace       used 147331K, committed 150016K, reserved 1179648K
  class space    used 20301K, committed 21184K, reserved 1048576K
}
Event: 129321.160 GC heap after
{Heap after GC invocations=1400 (full 51):
 garbage-first heap   total 219136K, used 72389K [0x000000070b200000, 0x0000000800000000)
  region size 2048K, 1 young (2048K), 1 survivors (2048K)
 Metaspace       used 147331K, committed 150016K, reserved 1179648K
  class space    used 20301K, committed 21184K, reserved 1048576K
}
Event: 129380.071 GC heap before
{Heap before GC invocations=1400 (full 51):
 garbage-first heap   total 219136K, used 193221K [0x000000070b200000, 0x0000000800000000)
  region size 2048K, 60 young (122880K), 1 survivors (2048K)
 Metaspace       used 147331K, committed 150016K, reserved 1179648K
  class space    used 20301K, committed 21184K, reserved 1048576K
}
Event: 129380.073 GC heap after
{Heap after GC invocations=1401 (full 51):
 garbage-first heap   total 219136K, used 72405K [0x000000070b200000, 0x0000000800000000)
  region size 2048K, 1 young (2048K), 1 survivors (2048K)
 Metaspace       used 147331K, committed 150016K, reserved 1179648K
  class space    used 20301K, committed 21184K, reserved 1048576K
}
Event: 129434.796 GC heap before
{Heap before GC invocations=1402 (full 51):
 garbage-first heap   total 219136K, used 193237K [0x000000070b200000, 0x0000000800000000)
  region size 2048K, 60 young (122880K), 1 survivors (2048K)
 Metaspace       used 147342K, committed 150016K, reserved 1179648K
  class space    used 20303K, committed 21184K, reserved 1048576K
}
Event: 129434.799 GC heap after
{Heap after GC invocations=1403 (full 51):
 garbage-first heap   total 219136K, used 73558K [0x000000070b200000, 0x0000000800000000)
  region size 2048K, 1 young (2048K), 1 survivors (2048K)
 Metaspace       used 147342K, committed 150016K, reserved 1179648K
  class space    used 20303K, committed 21184K, reserved 1048576K
}
Event: 129494.677 GC heap before
{Heap before GC invocations=1403 (full 51):
 garbage-first heap   total 219136K, used 194390K [0x000000070b200000, 0x0000000800000000)
  region size 2048K, 60 young (122880K), 1 survivors (2048K)
 Metaspace       used 147342K, committed 150016K, reserved 1179648K
  class space    used 20303K, committed 21184K, reserved 1048576K
}
Event: 129494.679 GC heap after
{Heap after GC invocations=1404 (full 51):
 garbage-first heap   total 219136K, used 73664K [0x000000070b200000, 0x0000000800000000)
  region size 2048K, 2 young (4096K), 2 survivors (4096K)
 Metaspace       used 147342K, committed 150016K, reserved 1179648K
  class space    used 20303K, committed 21184K, reserved 1048576K
}

